<?xml version="1.0" encoding="UTF-8"?>
<!-- Generated by org.testng.reporters.JUnitReportReporter -->
<testsuite hostname="DESKTOP-IFMRKKD" failures="0" tests="1" name="test.TestNgClassAmazon" time="34.982" errors="0" timestamp="2022-02-22T15:22:21 IST" skipped="0">
  <testcase classname="test.TestNgClassAmazon" name="test" time="34.982"/>
  <system-out/>
</testsuite> <!-- test.TestNgClassAmazon -->
