<?xml version="1.0" encoding="UTF-8"?>
<!-- Generated by org.testng.reporters.JUnitReportReporter -->
<testsuite hostname="DESKTOP-IFMRKKD" failures="0" tests="2" name="test.AmazonTestNgClass2" time="176.383" errors="0" timestamp="2022-03-09T18:38:48 IST" skipped="0">
  <testcase classname="test.AmazonTestNgClass2" name="test1275376" time="88.381"/>
  <system-out/>
  <testcase classname="test.AmazonTestNgClass2" name="test1275376" time="88.002"/>
  <system-out/>
</testsuite> <!-- test.AmazonTestNgClass2 -->
