<?xml version="1.0" encoding="UTF-8"?>
<!-- Generated by org.testng.reporters.JUnitReportReporter -->
<testsuite hostname="DESKTOP-IFMRKKD" failures="0" tests="2" name="test.TestNgClassAmazon1" time="94.791" errors="0" timestamp="2022-03-09T18:38:48 IST" skipped="0">
  <testcase classname="test.TestNgClassAmazon1" name="test" time="48.504"/>
  <system-out/>
  <testcase classname="test.TestNgClassAmazon1" name="test" time="46.287"/>
  <system-out/>
</testsuite> <!-- test.TestNgClassAmazon1 -->
